{"C:\\Implementación-de-Registro-con-Roles-e-Inicio-de-Sesión\\maguiber\\hooks\\useFormValidation.js": {"path":"C:\\Implementación-de-Registro-con-Roles-e-Inicio-de-Sesión\\maguiber\\hooks\\useFormValidation.js","statementMap":{"0":{"start":{"line":4,"column":33},"end":{"line":113,"column":1}},"1":{"start":{"line":5,"column":30},"end":{"line":5,"column":53}},"2":{"start":{"line":6,"column":30},"end":{"line":6,"column":42}},"3":{"start":{"line":7,"column":32},"end":{"line":7,"column":44}},"4":{"start":{"line":8,"column":42},"end":{"line":8,"column":54}},"5":{"start":{"line":9,"column":42},"end":{"line":9,"column":57}},"6":{"start":{"line":10,"column":25},"end":{"line":10,"column":35}},"7":{"start":{"line":12,"column":23},"end":{"line":17,"column":14}},"8":{"start":{"line":13,"column":4},"end":{"line":13,"column":57}},"9":{"start":{"line":13,"column":23},"end":{"line":13,"column":54}},"10":{"start":{"line":14,"column":4},"end":{"line":16,"column":5}},"11":{"start":{"line":15,"column":6},"end":{"line":15,"column":58}},"12":{"start":{"line":15,"column":25},"end":{"line":15,"column":55}},"13":{"start":{"line":19,"column":21},"end":{"line":47,"column":3}},"14":{"start":{"line":21,"column":6},"end":{"line":21,"column":59}},"15":{"start":{"line":21,"column":26},"end":{"line":21,"column":56}},"16":{"start":{"line":23,"column":6},"end":{"line":25,"column":7}},"17":{"start":{"line":24,"column":8},"end":{"line":24,"column":56}},"18":{"start":{"line":27,"column":6},"end":{"line":44,"column":14}},"19":{"start":{"line":28,"column":8},"end":{"line":28,"column":66}},"20":{"start":{"line":28,"column":33},"end":{"line":28,"column":63}},"21":{"start":{"line":30,"column":8},"end":{"line":43,"column":9}},"22":{"start":{"line":31,"column":25},"end":{"line":36,"column":11}},"23":{"start":{"line":38,"column":10},"end":{"line":38,"column":70}},"24":{"start":{"line":38,"column":29},"end":{"line":38,"column":67}},"25":{"start":{"line":40,"column":10},"end":{"line":40,"column":64}},"26":{"start":{"line":42,"column":10},"end":{"line":42,"column":69}},"27":{"start":{"line":42,"column":35},"end":{"line":42,"column":66}},"28":{"start":{"line":49,"column":31},"end":{"line":70,"column":39}},"29":{"start":{"line":50,"column":4},"end":{"line":50,"column":26}},"30":{"start":{"line":52,"column":4},"end":{"line":69,"column":5}},"31":{"start":{"line":53,"column":21},"end":{"line":53,"column":72}},"32":{"start":{"line":55,"column":6},"end":{"line":55,"column":31}},"33":{"start":{"line":56,"column":6},"end":{"line":61,"column":8}},"34":{"start":{"line":58,"column":10},"end":{"line":58,"column":26}},"35":{"start":{"line":59,"column":10},"end":{"line":59,"column":21}},"36":{"start":{"line":63,"column":6},"end":{"line":63,"column":28}},"37":{"start":{"line":65,"column":6},"end":{"line":65,"column":47}},"38":{"start":{"line":66,"column":6},"end":{"line":66,"column":19}},"39":{"start":{"line":68,"column":6},"end":{"line":68,"column":29}},"40":{"start":{"line":72,"column":20},"end":{"line":77,"column":21}},"41":{"start":{"line":73,"column":4},"end":{"line":73,"column":29}},"42":{"start":{"line":74,"column":4},"end":{"line":74,"column":18}},"43":{"start":{"line":75,"column":4},"end":{"line":75,"column":19}},"44":{"start":{"line":76,"column":4},"end":{"line":76,"column":24}},"45":{"start":{"line":79,"column":24},"end":{"line":81,"column":8}},"46":{"start":{"line":80,"column":4},"end":{"line":80,"column":57}},"47":{"start":{"line":80,"column":23},"end":{"line":80,"column":54}},"48":{"start":{"line":83,"column":24},"end":{"line":85,"column":8}},"49":{"start":{"line":84,"column":4},"end":{"line":84,"column":57}},"50":{"start":{"line":84,"column":23},"end":{"line":84,"column":54}},"51":{"start":{"line":87,"column":24},"end":{"line":97,"column":71}},"52":{"start":{"line":88,"column":4},"end":{"line":96,"column":6}},"53":{"start":{"line":94,"column":27},"end":{"line":94,"column":57}},"54":{"start":{"line":95,"column":20},"end":{"line":95,"column":41}},"55":{"start":{"line":99,"column":2},"end":{"line":112,"column":4}}},"fnMap":{"0":{"name":"(anonymous_0)","decl":{"start":{"line":4,"column":33},"end":{"line":4,"column":34}},"loc":{"start":{"line":4,"column":82},"end":{"line":113,"column":1}},"line":4},"1":{"name":"(anonymous_1)","decl":{"start":{"line":12,"column":35},"end":{"line":12,"column":36}},"loc":{"start":{"line":12,"column":57},"end":{"line":17,"column":3}},"line":12},"2":{"name":"(anonymous_2)","decl":{"start":{"line":13,"column":14},"end":{"line":13,"column":15}},"loc":{"start":{"line":13,"column":23},"end":{"line":13,"column":54}},"line":13},"3":{"name":"(anonymous_3)","decl":{"start":{"line":15,"column":16},"end":{"line":15,"column":17}},"loc":{"start":{"line":15,"column":25},"end":{"line":15,"column":55}},"line":15},"4":{"name":"(anonymous_4)","decl":{"start":{"line":20,"column":4},"end":{"line":20,"column":5}},"loc":{"start":{"line":20,"column":25},"end":{"line":45,"column":5}},"line":20},"5":{"name":"(anonymous_5)","decl":{"start":{"line":21,"column":17},"end":{"line":21,"column":18}},"loc":{"start":{"line":21,"column":26},"end":{"line":21,"column":56}},"line":21},"6":{"name":"(anonymous_6)","decl":{"start":{"line":27,"column":53},"end":{"line":27,"column":54}},"loc":{"start":{"line":27,"column":65},"end":{"line":44,"column":7}},"line":27},"7":{"name":"(anonymous_7)","decl":{"start":{"line":28,"column":24},"end":{"line":28,"column":25}},"loc":{"start":{"line":28,"column":33},"end":{"line":28,"column":63}},"line":28},"8":{"name":"(anonymous_8)","decl":{"start":{"line":38,"column":20},"end":{"line":38,"column":21}},"loc":{"start":{"line":38,"column":29},"end":{"line":38,"column":67}},"line":38},"9":{"name":"(anonymous_9)","decl":{"start":{"line":42,"column":26},"end":{"line":42,"column":27}},"loc":{"start":{"line":42,"column":35},"end":{"line":42,"column":66}},"line":42},"10":{"name":"(anonymous_10)","decl":{"start":{"line":49,"column":43},"end":{"line":49,"column":44}},"loc":{"start":{"line":49,"column":55},"end":{"line":70,"column":3}},"line":49},"11":{"name":"(anonymous_11)","decl":{"start":{"line":57,"column":35},"end":{"line":57,"column":36}},"loc":{"start":{"line":57,"column":49},"end":{"line":60,"column":9}},"line":57},"12":{"name":"(anonymous_12)","decl":{"start":{"line":72,"column":32},"end":{"line":72,"column":33}},"loc":{"start":{"line":72,"column":38},"end":{"line":77,"column":3}},"line":72},"13":{"name":"(anonymous_13)","decl":{"start":{"line":79,"column":36},"end":{"line":79,"column":37}},"loc":{"start":{"line":79,"column":58},"end":{"line":81,"column":3}},"line":79},"14":{"name":"(anonymous_14)","decl":{"start":{"line":80,"column":14},"end":{"line":80,"column":15}},"loc":{"start":{"line":80,"column":23},"end":{"line":80,"column":54}},"line":80},"15":{"name":"(anonymous_15)","decl":{"start":{"line":83,"column":36},"end":{"line":83,"column":37}},"loc":{"start":{"line":83,"column":58},"end":{"line":85,"column":3}},"line":83},"16":{"name":"(anonymous_16)","decl":{"start":{"line":84,"column":14},"end":{"line":84,"column":15}},"loc":{"start":{"line":84,"column":23},"end":{"line":84,"column":54}},"line":84},"17":{"name":"(anonymous_17)","decl":{"start":{"line":87,"column":36},"end":{"line":87,"column":37}},"loc":{"start":{"line":87,"column":51},"end":{"line":97,"column":3}},"line":87},"18":{"name":"(anonymous_18)","decl":{"start":{"line":94,"column":16},"end":{"line":94,"column":17}},"loc":{"start":{"line":94,"column":27},"end":{"line":94,"column":57}},"line":94},"19":{"name":"(anonymous_19)","decl":{"start":{"line":95,"column":14},"end":{"line":95,"column":15}},"loc":{"start":{"line":95,"column":20},"end":{"line":95,"column":41}},"line":95}},"branchMap":{"0":{"loc":{"start":{"line":4,"column":57},"end":{"line":4,"column":77}},"type":"default-arg","locations":[{"start":{"line":4,"column":75},"end":{"line":4,"column":77}}],"line":4},"1":{"loc":{"start":{"line":14,"column":4},"end":{"line":16,"column":5}},"type":"if","locations":[{"start":{"line":14,"column":4},"end":{"line":16,"column":5}},{"start":{},"end":{}}],"line":14},"2":{"loc":{"start":{"line":23,"column":6},"end":{"line":25,"column":7}},"type":"if","locations":[{"start":{"line":23,"column":6},"end":{"line":25,"column":7}},{"start":{},"end":{}}],"line":23},"3":{"loc":{"start":{"line":89,"column":13},"end":{"line":89,"column":36}},"type":"binary-expr","locations":[{"start":{"line":89,"column":13},"end":{"line":89,"column":30}},{"start":{"line":89,"column":34},"end":{"line":89,"column":36}}],"line":89},"4":{"loc":{"start":{"line":90,"column":13},"end":{"line":90,"column":58}},"type":"cond-expr","locations":[{"start":{"line":90,"column":34},"end":{"line":90,"column":51}},{"start":{"line":90,"column":54},"end":{"line":90,"column":58}}],"line":90},"5":{"loc":{"start":{"line":93,"column":15},"end":{"line":93,"column":83}},"type":"binary-expr","locations":[{"start":{"line":93,"column":15},"end":{"line":93,"column":33}},{"start":{"line":93,"column":37},"end":{"line":93,"column":55}},{"start":{"line":93,"column":59},"end":{"line":93,"column":83}}],"line":93}},"s":{"0":0,"1":0,"2":0,"3":0,"4":0,"5":0,"6":0,"7":0,"8":0,"9":0,"10":0,"11":0,"12":0,"13":0,"14":0,"15":0,"16":0,"17":0,"18":0,"19":0,"20":0,"21":0,"22":0,"23":0,"24":0,"25":0,"26":0,"27":0,"28":0,"29":0,"30":0,"31":0,"32":0,"33":0,"34":0,"35":0,"36":0,"37":0,"38":0,"39":0,"40":0,"41":0,"42":0,"43":0,"44":0,"45":0,"46":0,"47":0,"48":0,"49":0,"50":0,"51":0,"52":0,"53":0,"54":0,"55":0},"f":{"0":0,"1":0,"2":0,"3":0,"4":0,"5":0,"6":0,"7":0,"8":0,"9":0,"10":0,"11":0,"12":0,"13":0,"14":0,"15":0,"16":0,"17":0,"18":0,"19":0},"b":{"0":[0],"1":[0,0],"2":[0,0],"3":[0,0],"4":[0,0],"5":[0,0,0]}}
,"C:\\Implementación-de-Registro-con-Roles-e-Inicio-de-Sesión\\maguiber\\hooks\\usePermissions.js": {"path":"C:\\Implementación-de-Registro-con-Roles-e-Inicio-de-Sesión\\maguiber\\hooks\\usePermissions.js","statementMap":{"0":{"start":{"line":12,"column":33},"end":{"line":18,"column":1}},"1":{"start":{"line":29,"column":30},"end":{"line":29,"column":62}},"2":{"start":{"line":35,"column":20},"end":{"line":48,"column":8}},"3":{"start":{"line":39,"column":6},"end":{"line":41,"column":68}},"4":{"start":{"line":43,"column":24},"end":{"line":43,"column":51}},"5":{"start":{"line":45,"column":4},"end":{"line":45,"column":66}},"6":{"start":{"line":45,"column":33},"end":{"line":45,"column":66}},"7":{"start":{"line":46,"column":4},"end":{"line":46,"column":82}},"8":{"start":{"line":46,"column":49},"end":{"line":46,"column":82}},"9":{"start":{"line":47,"column":4},"end":{"line":47,"column":36}},"10":{"start":{"line":54,"column":28},"end":{"line":66,"column":38}},"11":{"start":{"line":55,"column":4},"end":{"line":55,"column":41}},"12":{"start":{"line":56,"column":4},"end":{"line":65,"column":5}},"13":{"start":{"line":57,"column":21},"end":{"line":57,"column":38}},"14":{"start":{"line":58,"column":25},"end":{"line":58,"column":42}},"15":{"start":{"line":59,"column":6},"end":{"line":59,"column":28}},"16":{"start":{"line":60,"column":6},"end":{"line":60,"column":24}},"17":{"start":{"line":62,"column":6},"end":{"line":62,"column":77}},"18":{"start":{"line":63,"column":6},"end":{"line":63,"column":42}},"19":{"start":{"line":64,"column":6},"end":{"line":64,"column":38}},"20":{"start":{"line":72,"column":23},"end":{"line":81,"column":16}},"21":{"start":{"line":73,"column":4},"end":{"line":80,"column":6}},"22":{"start":{"line":78,"column":53},"end":{"line":78,"column":75}},"23":{"start":{"line":83,"column":2},"end":{"line":93,"column":4}}},"fnMap":{"0":{"name":"usePermission","decl":{"start":{"line":28,"column":16},"end":{"line":28,"column":29}},"loc":{"start":{"line":28,"column":68},"end":{"line":94,"column":1}},"line":28},"1":{"name":"(anonymous_1)","decl":{"start":{"line":35,"column":32},"end":{"line":35,"column":33}},"loc":{"start":{"line":35,"column":44},"end":{"line":48,"column":3}},"line":35},"2":{"name":"(anonymous_2)","decl":{"start":{"line":54,"column":40},"end":{"line":54,"column":41}},"loc":{"start":{"line":54,"column":52},"end":{"line":66,"column":3}},"line":54},"3":{"name":"(anonymous_3)","decl":{"start":{"line":72,"column":35},"end":{"line":72,"column":36}},"loc":{"start":{"line":72,"column":41},"end":{"line":81,"column":3}},"line":72},"4":{"name":"(anonymous_4)","decl":{"start":{"line":78,"column":47},"end":{"line":78,"column":48}},"loc":{"start":{"line":78,"column":53},"end":{"line":78,"column":75}},"line":78}},"branchMap":{"0":{"loc":{"start":{"line":28,"column":41},"end":{"line":28,"column":66}},"type":"default-arg","locations":[{"start":{"line":28,"column":52},"end":{"line":28,"column":66}}],"line":28},"1":{"loc":{"start":{"line":39,"column":6},"end":{"line":41,"column":68}},"type":"cond-expr","locations":[{"start":{"line":40,"column":10},"end":{"line":40,"column":16}},{"start":{"line":41,"column":10},"end":{"line":41,"column":68}}],"line":39},"2":{"loc":{"start":{"line":41,"column":10},"end":{"line":41,"column":68}},"type":"binary-expr","locations":[{"start":{"line":41,"column":10},"end":{"line":41,"column":24}},{"start":{"line":41,"column":29},"end":{"line":41,"column":67}}],"line":41},"3":{"loc":{"start":{"line":41,"column":29},"end":{"line":41,"column":67}},"type":"cond-expr","locations":[{"start":{"line":41,"column":47},"end":{"line":41,"column":56}},{"start":{"line":41,"column":59},"end":{"line":41,"column":67}}],"line":41},"4":{"loc":{"start":{"line":43,"column":24},"end":{"line":43,"column":51}},"type":"binary-expr","locations":[{"start":{"line":43,"column":24},"end":{"line":43,"column":43}},{"start":{"line":43,"column":47},"end":{"line":43,"column":51}}],"line":43},"5":{"loc":{"start":{"line":45,"column":4},"end":{"line":45,"column":66}},"type":"if","locations":[{"start":{"line":45,"column":4},"end":{"line":45,"column":66}},{"start":{},"end":{}}],"line":45},"6":{"loc":{"start":{"line":46,"column":4},"end":{"line":46,"column":82}},"type":"if","locations":[{"start":{"line":46,"column":4},"end":{"line":46,"column":82}},{"start":{},"end":{}}],"line":46},"7":{"loc":{"start":{"line":46,"column":8},"end":{"line":46,"column":47}},"type":"binary-expr","locations":[{"start":{"line":46,"column":8},"end":{"line":46,"column":20}},{"start":{"line":46,"column":24},"end":{"line":46,"column":47}}],"line":46}},"s":{"0":1,"1":0,"2":0,"3":0,"4":0,"5":0,"6":0,"7":0,"8":0,"9":0,"10":0,"11":0,"12":0,"13":0,"14":0,"15":0,"16":0,"17":0,"18":0,"19":0,"20":0,"21":0,"22":0,"23":0},"f":{"0":0,"1":0,"2":0,"3":0,"4":0},"b":{"0":[0],"1":[0,0],"2":[0,0],"3":[0,0],"4":[0,0],"5":[0,0],"6":[0,0],"7":[0,0]},"_coverageSchema":"1a1c01bbd47fc00a2c39e90264f33305004495a9","hash":"7c9bf85c4b30330d483cb407d4ad430bb7fd378c"}
,"C:\\Implementación-de-Registro-con-Roles-e-Inicio-de-Sesión\\maguiber\\screens\\CameraScreen.js": {"path":"C:\\Implementación-de-Registro-con-Roles-e-Inicio-de-Sesión\\maguiber\\screens\\CameraScreen.js","statementMap":{"0":{"start":{"line":30,"column":58},"end":{"line":30,"column":80}},"1":{"start":{"line":32,"column":22},"end":{"line":38,"column":3}},"2":{"start":{"line":34,"column":21},"end":{"line":34,"column":56}},"3":{"start":{"line":35,"column":6},"end":{"line":35,"column":20}},"4":{"start":{"line":41,"column":26},"end":{"line":47,"column":3}},"5":{"start":{"line":43,"column":21},"end":{"line":43,"column":76}},"6":{"start":{"line":44,"column":6},"end":{"line":44,"column":20}},"7":{"start":{"line":50,"column":46},"end":{"line":50,"column":61}},"8":{"start":{"line":51,"column":30},"end":{"line":51,"column":46}},"9":{"start":{"line":52,"column":44},"end":{"line":52,"column":58}},"10":{"start":{"line":53,"column":40},"end":{"line":53,"column":54}},"11":{"start":{"line":54,"column":20},"end":{"line":54,"column":32}},"12":{"start":{"line":59,"column":31},"end":{"line":81,"column":37}},"13":{"start":{"line":60,"column":4},"end":{"line":63,"column":5}},"14":{"start":{"line":61,"column":6},"end":{"line":61,"column":30}},"15":{"start":{"line":62,"column":6},"end":{"line":62,"column":13}},"16":{"start":{"line":64,"column":4},"end":{"line":67,"column":5}},"17":{"start":{"line":65,"column":6},"end":{"line":65,"column":33}},"18":{"start":{"line":66,"column":6},"end":{"line":66,"column":13}},"19":{"start":{"line":68,"column":19},"end":{"line":68,"column":56}},"20":{"start":{"line":69,"column":4},"end":{"line":80,"column":5}},"21":{"start":{"line":70,"column":6},"end":{"line":70,"column":30}},"22":{"start":{"line":71,"column":11},"end":{"line":80,"column":5}},"23":{"start":{"line":72,"column":6},"end":{"line":79,"column":8}},"24":{"start":{"line":84,"column":26},"end":{"line":94,"column":8}},"25":{"start":{"line":85,"column":4},"end":{"line":85,"column":35}},"26":{"start":{"line":85,"column":28},"end":{"line":85,"column":35}},"27":{"start":{"line":86,"column":4},"end":{"line":93,"column":5}},"28":{"start":{"line":87,"column":20},"end":{"line":87,"column":78}},"29":{"start":{"line":88,"column":6},"end":{"line":88,"column":34}},"30":{"start":{"line":89,"column":6},"end":{"line":89,"column":31}},"31":{"start":{"line":91,"column":6},"end":{"line":91,"column":76}},"32":{"start":{"line":92,"column":6},"end":{"line":92,"column":64}},"33":{"start":{"line":97,"column":32},"end":{"line":131,"column":23}},"34":{"start":{"line":98,"column":4},"end":{"line":101,"column":5}},"35":{"start":{"line":99,"column":6},"end":{"line":99,"column":37}},"36":{"start":{"line":100,"column":6},"end":{"line":100,"column":13}},"37":{"start":{"line":103,"column":21},"end":{"line":103,"column":46}},"38":{"start":{"line":105,"column":4},"end":{"line":108,"column":5}},"39":{"start":{"line":106,"column":21},"end":{"line":106,"column":62}},"40":{"start":{"line":107,"column":6},"end":{"line":107,"column":56}},"41":{"start":{"line":110,"column":4},"end":{"line":119,"column":5}},"42":{"start":{"line":111,"column":6},"end":{"line":117,"column":7}},"43":{"start":{"line":112,"column":8},"end":{"line":116,"column":10}},"44":{"start":{"line":118,"column":6},"end":{"line":118,"column":13}},"45":{"start":{"line":121,"column":19},"end":{"line":126,"column":6}},"46":{"start":{"line":128,"column":4},"end":{"line":130,"column":5}},"47":{"start":{"line":129,"column":6},"end":{"line":129,"column":43}},"48":{"start":{"line":134,"column":2},"end":{"line":160,"column":3}},"49":{"start":{"line":135,"column":4},"end":{"line":159,"column":6}},"50":{"start":{"line":141,"column":29},"end":{"line":141,"column":53}},"51":{"start":{"line":152,"column":29},"end":{"line":152,"column":78}},"52":{"start":{"line":152,"column":45},"end":{"line":152,"column":76}},"53":{"start":{"line":163,"column":2},"end":{"line":223,"column":4}},"54":{"start":{"line":202,"column":27},"end":{"line":202,"column":49}},"55":{"start":{"line":216,"column":27},"end":{"line":216,"column":47}},"56":{"start":{"line":229,"column":17},"end":{"line":235,"column":3}},"57":{"start":{"line":236,"column":12},"end":{"line":236,"column":60}},"58":{"start":{"line":237,"column":2},"end":{"line":242,"column":4}},"59":{"start":{"line":246,"column":2},"end":{"line":258,"column":4}},"60":{"start":{"line":263,"column":15},"end":{"line":364,"column":2}}},"fnMap":{"0":{"name":"CameraScreen","decl":{"start":{"line":28,"column":24},"end":{"line":28,"column":36}},"loc":{"start":{"line":28,"column":49},"end":{"line":224,"column":1}},"line":28},"1":{"name":"(anonymous_1)","decl":{"start":{"line":33,"column":4},"end":{"line":33,"column":5}},"loc":{"start":{"line":33,"column":16},"end":{"line":36,"column":5}},"line":33},"2":{"name":"(anonymous_2)","decl":{"start":{"line":42,"column":4},"end":{"line":42,"column":5}},"loc":{"start":{"line":42,"column":16},"end":{"line":45,"column":5}},"line":42},"3":{"name":"(anonymous_3)","decl":{"start":{"line":59,"column":43},"end":{"line":59,"column":44}},"loc":{"start":{"line":59,"column":55},"end":{"line":81,"column":3}},"line":59},"4":{"name":"(anonymous_4)","decl":{"start":{"line":84,"column":38},"end":{"line":84,"column":39}},"loc":{"start":{"line":84,"column":50},"end":{"line":94,"column":3}},"line":84},"5":{"name":"(anonymous_5)","decl":{"start":{"line":97,"column":44},"end":{"line":97,"column":45}},"loc":{"start":{"line":97,"column":56},"end":{"line":131,"column":3}},"line":97},"6":{"name":"(anonymous_6)","decl":{"start":{"line":141,"column":23},"end":{"line":141,"column":24}},"loc":{"start":{"line":141,"column":29},"end":{"line":141,"column":53}},"line":141},"7":{"name":"(anonymous_7)","decl":{"start":{"line":152,"column":23},"end":{"line":152,"column":24}},"loc":{"start":{"line":152,"column":29},"end":{"line":152,"column":78}},"line":152},"8":{"name":"(anonymous_8)","decl":{"start":{"line":152,"column":39},"end":{"line":152,"column":40}},"loc":{"start":{"line":152,"column":45},"end":{"line":152,"column":76}},"line":152},"9":{"name":"(anonymous_9)","decl":{"start":{"line":202,"column":21},"end":{"line":202,"column":22}},"loc":{"start":{"line":202,"column":27},"end":{"line":202,"column":49}},"line":202},"10":{"name":"(anonymous_10)","decl":{"start":{"line":216,"column":21},"end":{"line":216,"column":22}},"loc":{"start":{"line":216,"column":27},"end":{"line":216,"column":47}},"line":216},"11":{"name":"PermissionBadge","decl":{"start":{"line":228,"column":9},"end":{"line":228,"column":24}},"loc":{"start":{"line":228,"column":44},"end":{"line":243,"column":1}},"line":228},"12":{"name":"ActionButton","decl":{"start":{"line":245,"column":9},"end":{"line":245,"column":21}},"loc":{"start":{"line":245,"column":67},"end":{"line":259,"column":1}},"line":245}},"branchMap":{"0":{"loc":{"start":{"line":60,"column":4},"end":{"line":63,"column":5}},"type":"if","locations":[{"start":{"line":60,"column":4},"end":{"line":63,"column":5}},{"start":{},"end":{}}],"line":60},"1":{"loc":{"start":{"line":60,"column":8},"end":{"line":60,"column":58}},"type":"binary-expr","locations":[{"start":{"line":60,"column":8},"end":{"line":60,"column":29}},{"start":{"line":60,"column":33},"end":{"line":60,"column":58}}],"line":60},"2":{"loc":{"start":{"line":64,"column":4},"end":{"line":67,"column":5}},"type":"if","locations":[{"start":{"line":64,"column":4},"end":{"line":67,"column":5}},{"start":{},"end":{}}],"line":64},"3":{"loc":{"start":{"line":69,"column":4},"end":{"line":80,"column":5}},"type":"if","locations":[{"start":{"line":69,"column":4},"end":{"line":80,"column":5}},{"start":{"line":71,"column":11},"end":{"line":80,"column":5}}],"line":69},"4":{"loc":{"start":{"line":71,"column":11},"end":{"line":80,"column":5}},"type":"if","locations":[{"start":{"line":71,"column":11},"end":{"line":80,"column":5}},{"start":{},"end":{}}],"line":71},"5":{"loc":{"start":{"line":85,"column":4},"end":{"line":85,"column":35}},"type":"if","locations":[{"start":{"line":85,"column":4},"end":{"line":85,"column":35}},{"start":{},"end":{}}],"line":85},"6":{"loc":{"start":{"line":98,"column":4},"end":{"line":101,"column":5}},"type":"if","locations":[{"start":{"line":98,"column":4},"end":{"line":101,"column":5}},{"start":{},"end":{}}],"line":98},"7":{"loc":{"start":{"line":105,"column":4},"end":{"line":108,"column":5}},"type":"if","locations":[{"start":{"line":105,"column":4},"end":{"line":108,"column":5}},{"start":{},"end":{}}],"line":105},"8":{"loc":{"start":{"line":110,"column":4},"end":{"line":119,"column":5}},"type":"if","locations":[{"start":{"line":110,"column":4},"end":{"line":119,"column":5}},{"start":{},"end":{}}],"line":110},"9":{"loc":{"start":{"line":111,"column":6},"end":{"line":117,"column":7}},"type":"if","locations":[{"start":{"line":111,"column":6},"end":{"line":117,"column":7}},{"start":{},"end":{}}],"line":111},"10":{"loc":{"start":{"line":128,"column":4},"end":{"line":130,"column":5}},"type":"if","locations":[{"start":{"line":128,"column":4},"end":{"line":130,"column":5}},{"start":{},"end":{}}],"line":128},"11":{"loc":{"start":{"line":134,"column":2},"end":{"line":160,"column":3}},"type":"if","locations":[{"start":{"line":134,"column":2},"end":{"line":160,"column":3}},{"start":{},"end":{}}],"line":134},"12":{"loc":{"start":{"line":152,"column":45},"end":{"line":152,"column":76}},"type":"cond-expr","locations":[{"start":{"line":152,"column":60},"end":{"line":152,"column":67}},{"start":{"line":152,"column":70},"end":{"line":152,"column":76}}],"line":152},"13":{"loc":{"start":{"line":196,"column":7},"end":{"line":207,"column":7}},"type":"binary-expr","locations":[{"start":{"line":196,"column":7},"end":{"line":196,"column":20}},{"start":{"line":197,"column":8},"end":{"line":206,"column":15}}],"line":196},"14":{"loc":{"start":{"line":210,"column":7},"end":{"line":221,"column":7}},"type":"binary-expr","locations":[{"start":{"line":210,"column":7},"end":{"line":210,"column":18}},{"start":{"line":211,"column":8},"end":{"line":220,"column":15}}],"line":210},"15":{"loc":{"start":{"line":236,"column":12},"end":{"line":236,"column":60}},"type":"binary-expr","locations":[{"start":{"line":236,"column":12},"end":{"line":236,"column":26}},{"start":{"line":236,"column":30},"end":{"line":236,"column":60}}],"line":236},"16":{"loc":{"start":{"line":248,"column":7},"end":{"line":252,"column":7}},"type":"cond-expr","locations":[{"start":{"line":249,"column":8},"end":{"line":249,"column":45}},{"start":{"line":251,"column":8},"end":{"line":251,"column":53}}],"line":248}},"s":{"0":0,"1":0,"2":0,"3":0,"4":0,"5":0,"6":0,"7":0,"8":0,"9":0,"10":0,"11":0,"12":0,"13":0,"14":0,"15":0,"16":0,"17":0,"18":0,"19":0,"20":0,"21":0,"22":0,"23":0,"24":0,"25":0,"26":0,"27":0,"28":0,"29":0,"30":0,"31":0,"32":0,"33":0,"34":0,"35":0,"36":0,"37":0,"38":0,"39":0,"40":0,"41":0,"42":0,"43":0,"44":0,"45":0,"46":0,"47":0,"48":0,"49":0,"50":0,"51":0,"52":0,"53":0,"54":0,"55":0,"56":0,"57":0,"58":0,"59":0,"60":1},"f":{"0":0,"1":0,"2":0,"3":0,"4":0,"5":0,"6":0,"7":0,"8":0,"9":0,"10":0,"11":0,"12":0},"b":{"0":[0,0],"1":[0,0],"2":[0,0],"3":[0,0],"4":[0,0],"5":[0,0],"6":[0,0],"7":[0,0],"8":[0,0],"9":[0,0],"10":[0,0],"11":[0,0],"12":[0,0],"13":[0,0],"14":[0,0],"15":[0,0],"16":[0,0]},"_coverageSchema":"1a1c01bbd47fc00a2c39e90264f33305004495a9","hash":"29b3e544d6bf671d05d2a7819b21301d1c6595ce"}
,"C:\\Implementación-de-Registro-con-Roles-e-Inicio-de-Sesión\\maguiber\\screens\\HomeScreen.js": {"path":"C:\\Implementación-de-Registro-con-Roles-e-Inicio-de-Sesión\\maguiber\\screens\\HomeScreen.js","statementMap":{"0":{"start":{"line":15,"column":34},"end":{"line":15,"column":48}},"1":{"start":{"line":16,"column":34},"end":{"line":16,"column":48}},"2":{"start":{"line":17,"column":46},"end":{"line":17,"column":61}},"3":{"start":{"line":19,"column":4},"end":{"line":21,"column":11}},"4":{"start":{"line":20,"column":8},"end":{"line":20,"column":23}},"5":{"start":{"line":23,"column":25},"end":{"line":37,"column":5}},"6":{"start":{"line":24,"column":8},"end":{"line":36,"column":9}},"7":{"start":{"line":25,"column":29},"end":{"line":25,"column":50}},"8":{"start":{"line":27,"column":12},"end":{"line":31,"column":13}},"9":{"start":{"line":28,"column":16},"end":{"line":28,"column":45}},"10":{"start":{"line":30,"column":16},"end":{"line":30,"column":88}},"11":{"start":{"line":33,"column":12},"end":{"line":33,"column":81}},"12":{"start":{"line":35,"column":12},"end":{"line":35,"column":30}},"13":{"start":{"line":39,"column":26},"end":{"line":49,"column":5}},"14":{"start":{"line":40,"column":8},"end":{"line":40,"column":31}},"15":{"start":{"line":41,"column":8},"end":{"line":48,"column":9}},"16":{"start":{"line":42,"column":12},"end":{"line":42,"column":27}},"17":{"start":{"line":43,"column":12},"end":{"line":43,"column":23}},"18":{"start":{"line":45,"column":12},"end":{"line":45,"column":59}},"19":{"start":{"line":47,"column":12},"end":{"line":47,"column":36}},"20":{"start":{"line":51,"column":4},"end":{"line":57,"column":5}},"21":{"start":{"line":52,"column":8},"end":{"line":56,"column":10}},"22":{"start":{"line":59,"column":4},"end":{"line":154,"column":6}},"23":{"start":{"line":97,"column":39},"end":{"line":97,"column":59}},"24":{"start":{"line":109,"column":39},"end":{"line":109,"column":61}},"25":{"start":{"line":157,"column":15},"end":{"line":318,"column":2}}},"fnMap":{"0":{"name":"HomeScreen","decl":{"start":{"line":14,"column":24},"end":{"line":14,"column":34}},"loc":{"start":{"line":14,"column":61},"end":{"line":155,"column":1}},"line":14},"1":{"name":"(anonymous_1)","decl":{"start":{"line":19,"column":14},"end":{"line":19,"column":15}},"loc":{"start":{"line":19,"column":20},"end":{"line":21,"column":5}},"line":19},"2":{"name":"(anonymous_2)","decl":{"start":{"line":23,"column":25},"end":{"line":23,"column":26}},"loc":{"start":{"line":23,"column":37},"end":{"line":37,"column":5}},"line":23},"3":{"name":"(anonymous_3)","decl":{"start":{"line":39,"column":26},"end":{"line":39,"column":27}},"loc":{"start":{"line":39,"column":38},"end":{"line":49,"column":5}},"line":39},"4":{"name":"(anonymous_4)","decl":{"start":{"line":97,"column":33},"end":{"line":97,"column":34}},"loc":{"start":{"line":97,"column":39},"end":{"line":97,"column":59}},"line":97},"5":{"name":"(anonymous_5)","decl":{"start":{"line":109,"column":33},"end":{"line":109,"column":34}},"loc":{"start":{"line":109,"column":39},"end":{"line":109,"column":61}},"line":109}},"branchMap":{"0":{"loc":{"start":{"line":27,"column":12},"end":{"line":31,"column":13}},"type":"if","locations":[{"start":{"line":27,"column":12},"end":{"line":31,"column":13}},{"start":{"line":29,"column":19},"end":{"line":31,"column":13}}],"line":27},"1":{"loc":{"start":{"line":27,"column":16},"end":{"line":27,"column":52}},"type":"binary-expr","locations":[{"start":{"line":27,"column":16},"end":{"line":27,"column":32}},{"start":{"line":27,"column":36},"end":{"line":27,"column":52}}],"line":27},"2":{"loc":{"start":{"line":30,"column":37},"end":{"line":30,"column":86}},"type":"binary-expr","locations":[{"start":{"line":30,"column":37},"end":{"line":30,"column":53}},{"start":{"line":30,"column":57},"end":{"line":30,"column":86}}],"line":30},"3":{"loc":{"start":{"line":33,"column":33},"end":{"line":33,"column":79}},"type":"binary-expr","locations":[{"start":{"line":33,"column":33},"end":{"line":33,"column":46}},{"start":{"line":33,"column":50},"end":{"line":33,"column":79}}],"line":33},"4":{"loc":{"start":{"line":51,"column":4},"end":{"line":57,"column":5}},"type":"if","locations":[{"start":{"line":51,"column":4},"end":{"line":57,"column":5}},{"start":{},"end":{}}],"line":51},"5":{"loc":{"start":{"line":87,"column":29},"end":{"line":87,"column":68}},"type":"cond-expr","locations":[{"start":{"line":87,"column":47},"end":{"line":87,"column":55}},{"start":{"line":87,"column":58},"end":{"line":87,"column":68}}],"line":87},"6":{"loc":{"start":{"line":120,"column":17},"end":{"line":130,"column":17}},"type":"binary-expr","locations":[{"start":{"line":120,"column":17},"end":{"line":120,"column":41}},{"start":{"line":121,"column":20},"end":{"line":129,"column":27}}],"line":120},"7":{"loc":{"start":{"line":132,"column":17},"end":{"line":139,"column":17}},"type":"binary-expr","locations":[{"start":{"line":132,"column":17},"end":{"line":132,"column":43}},{"start":{"line":133,"column":20},"end":{"line":138,"column":27}}],"line":132},"8":{"loc":{"start":{"line":142,"column":48},"end":{"line":142,"column":90}},"type":"binary-expr","locations":[{"start":{"line":142,"column":48},"end":{"line":142,"column":61}},{"start":{"line":142,"column":65},"end":{"line":142,"column":90}}],"line":142},"9":{"loc":{"start":{"line":146,"column":21},"end":{"line":150,"column":21}},"type":"cond-expr","locations":[{"start":{"line":147,"column":24},"end":{"line":147,"column":71}},{"start":{"line":149,"column":24},"end":{"line":149,"column":85}}],"line":146}},"s":{"0":4,"1":4,"2":4,"3":4,"4":2,"5":4,"6":2,"7":2,"8":2,"9":2,"10":0,"11":0,"12":2,"13":4,"14":0,"15":0,"16":0,"17":0,"18":0,"19":0,"20":4,"21":2,"22":2,"23":0,"24":0,"25":1},"f":{"0":4,"1":2,"2":2,"3":0,"4":0,"5":0},"b":{"0":[2,0],"1":[2,2],"2":[0,0],"3":[0,0],"4":[2,2],"5":[2,0],"6":[2,1],"7":[2,1],"8":[2,0],"9":[0,2]},"_coverageSchema":"1a1c01bbd47fc00a2c39e90264f33305004495a9","hash":"37897f79a9650702096645d901975efc16842f9a"}
,"C:\\Implementación-de-Registro-con-Roles-e-Inicio-de-Sesión\\maguiber\\screens\\LocationScreen.js": {"path":"C:\\Implementación-de-Registro-con-Roles-e-Inicio-de-Sesión\\maguiber\\screens\\LocationScreen.js","statementMap":{"0":{"start":{"line":29,"column":27},"end":{"line":35,"column":3}},"1":{"start":{"line":31,"column":21},"end":{"line":31,"column":71}},"2":{"start":{"line":32,"column":6},"end":{"line":32,"column":20}},"3":{"start":{"line":38,"column":48},"end":{"line":38,"column":62}},"4":{"start":{"line":39,"column":32},"end":{"line":39,"column":46}},"5":{"start":{"line":40,"column":52},"end":{"line":40,"column":67}},"6":{"start":{"line":41,"column":38},"end":{"line":41,"column":53}},"7":{"start":{"line":42,"column":52},"end":{"line":42,"column":66}},"8":{"start":{"line":43,"column":48},"end":{"line":43,"column":60}},"9":{"start":{"line":48,"column":27},"end":{"line":74,"column":24}},"10":{"start":{"line":50,"column":4},"end":{"line":50,"column":48}},"11":{"start":{"line":50,"column":36},"end":{"line":50,"column":48}},"12":{"start":{"line":53,"column":4},"end":{"line":56,"column":5}},"13":{"start":{"line":54,"column":6},"end":{"line":54,"column":38}},"14":{"start":{"line":55,"column":6},"end":{"line":55,"column":19}},"15":{"start":{"line":59,"column":19},"end":{"line":59,"column":61}},"16":{"start":{"line":61,"column":4},"end":{"line":71,"column":5}},"17":{"start":{"line":62,"column":6},"end":{"line":69,"column":8}},"18":{"start":{"line":70,"column":6},"end":{"line":70,"column":19}},"19":{"start":{"line":73,"column":4},"end":{"line":73,"column":48}},"20":{"start":{"line":77,"column":25},"end":{"line":88,"column":8}},"21":{"start":{"line":78,"column":4},"end":{"line":86,"column":5}},"22":{"start":{"line":79,"column":22},"end":{"line":79,"column":91}},"23":{"start":{"line":80,"column":6},"end":{"line":83,"column":7}},"24":{"start":{"line":81,"column":22},"end":{"line":81,"column":95}},"25":{"start":{"line":82,"column":8},"end":{"line":82,"column":32}},"26":{"start":{"line":87,"column":4},"end":{"line":87,"column":16}},"27":{"start":{"line":91,"column":35},"end":{"line":115,"column":40}},"28":{"start":{"line":92,"column":15},"end":{"line":92,"column":39}},"29":{"start":{"line":93,"column":4},"end":{"line":93,"column":20}},"30":{"start":{"line":93,"column":13},"end":{"line":93,"column":20}},"31":{"start":{"line":95,"column":4},"end":{"line":95,"column":31}},"32":{"start":{"line":96,"column":4},"end":{"line":96,"column":29}},"33":{"start":{"line":97,"column":4},"end":{"line":97,"column":21}},"34":{"start":{"line":99,"column":4},"end":{"line":114,"column":5}},"35":{"start":{"line":100,"column":18},"end":{"line":102,"column":8}},"36":{"start":{"line":104,"column":58},"end":{"line":104,"column":68}},"37":{"start":{"line":105,"column":6},"end":{"line":105,"column":96}},"38":{"start":{"line":107,"column":19},"end":{"line":107,"column":60}},"39":{"start":{"line":108,"column":6},"end":{"line":108,"column":23}},"40":{"start":{"line":110,"column":6},"end":{"line":110,"column":103}},"41":{"start":{"line":111,"column":6},"end":{"line":111,"column":73}},"42":{"start":{"line":113,"column":6},"end":{"line":113,"column":34}},"43":{"start":{"line":118,"column":28},"end":{"line":150,"column":55}},"44":{"start":{"line":119,"column":4},"end":{"line":125,"column":5}},"45":{"start":{"line":121,"column":6},"end":{"line":121,"column":34}},"46":{"start":{"line":122,"column":6},"end":{"line":122,"column":33}},"47":{"start":{"line":123,"column":6},"end":{"line":123,"column":27}},"48":{"start":{"line":124,"column":6},"end":{"line":124,"column":13}},"49":{"start":{"line":127,"column":15},"end":{"line":127,"column":39}},"50":{"start":{"line":128,"column":4},"end":{"line":128,"column":20}},"51":{"start":{"line":128,"column":13},"end":{"line":128,"column":20}},"52":{"start":{"line":130,"column":4},"end":{"line":149,"column":5}},"53":{"start":{"line":131,"column":18},"end":{"line":143,"column":7}},"54":{"start":{"line":138,"column":52},"end":{"line":138,"column":62}},"55":{"start":{"line":139,"column":24},"end":{"line":139,"column":83}},"56":{"start":{"line":140,"column":10},"end":{"line":140,"column":36}},"57":{"start":{"line":141,"column":10},"end":{"line":141,"column":68}},"58":{"start":{"line":141,"column":37},"end":{"line":141,"column":66}},"59":{"start":{"line":144,"column":6},"end":{"line":144,"column":32}},"60":{"start":{"line":145,"column":6},"end":{"line":145,"column":26}},"61":{"start":{"line":147,"column":6},"end":{"line":147,"column":78}},"62":{"start":{"line":148,"column":6},"end":{"line":148,"column":68}},"63":{"start":{"line":152,"column":29},"end":{"line":156,"column":8}},"64":{"start":{"line":153,"column":4},"end":{"line":153,"column":27}},"65":{"start":{"line":154,"column":4},"end":{"line":154,"column":29}},"66":{"start":{"line":155,"column":4},"end":{"line":155,"column":21}},"67":{"start":{"line":159,"column":2},"end":{"line":223,"column":4}},"68":{"start":{"line":210,"column":12},"end":{"line":218,"column":19}},"69":{"start":{"line":229,"column":17},"end":{"line":250,"column":3}},"70":{"start":{"line":252,"column":12},"end":{"line":252,"column":60}},"71":{"start":{"line":254,"column":2},"end":{"line":266,"column":4}},"72":{"start":{"line":270,"column":2},"end":{"line":297,"column":4}},"73":{"start":{"line":301,"column":2},"end":{"line":309,"column":4}},"74":{"start":{"line":314,"column":15},"end":{"line":403,"column":2}}},"fnMap":{"0":{"name":"LocationScreen","decl":{"start":{"line":27,"column":24},"end":{"line":27,"column":38}},"loc":{"start":{"line":27,"column":51},"end":{"line":224,"column":1}},"line":27},"1":{"name":"(anonymous_1)","decl":{"start":{"line":30,"column":4},"end":{"line":30,"column":5}},"loc":{"start":{"line":30,"column":16},"end":{"line":33,"column":5}},"line":30},"2":{"name":"(anonymous_2)","decl":{"start":{"line":48,"column":39},"end":{"line":48,"column":40}},"loc":{"start":{"line":48,"column":51},"end":{"line":74,"column":3}},"line":48},"3":{"name":"(anonymous_3)","decl":{"start":{"line":77,"column":37},"end":{"line":77,"column":38}},"loc":{"start":{"line":77,"column":57},"end":{"line":88,"column":3}},"line":77},"4":{"name":"(anonymous_4)","decl":{"start":{"line":91,"column":47},"end":{"line":91,"column":48}},"loc":{"start":{"line":91,"column":59},"end":{"line":115,"column":3}},"line":91},"5":{"name":"(anonymous_5)","decl":{"start":{"line":118,"column":40},"end":{"line":118,"column":41}},"loc":{"start":{"line":118,"column":52},"end":{"line":150,"column":3}},"line":118},"6":{"name":"(anonymous_6)","decl":{"start":{"line":137,"column":8},"end":{"line":137,"column":9}},"loc":{"start":{"line":137,"column":17},"end":{"line":142,"column":9}},"line":137},"7":{"name":"(anonymous_7)","decl":{"start":{"line":141,"column":29},"end":{"line":141,"column":30}},"loc":{"start":{"line":141,"column":37},"end":{"line":141,"column":66}},"line":141},"8":{"name":"(anonymous_8)","decl":{"start":{"line":152,"column":41},"end":{"line":152,"column":42}},"loc":{"start":{"line":152,"column":47},"end":{"line":156,"column":3}},"line":152},"9":{"name":"(anonymous_9)","decl":{"start":{"line":209,"column":31},"end":{"line":209,"column":32}},"loc":{"start":{"line":210,"column":12},"end":{"line":218,"column":19}},"line":210},"10":{"name":"PermissionCard","decl":{"start":{"line":228,"column":9},"end":{"line":228,"column":23}},"loc":{"start":{"line":228,"column":52},"end":{"line":267,"column":1}},"line":228},"11":{"name":"LocationCard","decl":{"start":{"line":269,"column":9},"end":{"line":269,"column":21}},"loc":{"start":{"line":269,"column":53},"end":{"line":298,"column":1}},"line":269},"12":{"name":"CoordRow","decl":{"start":{"line":300,"column":9},"end":{"line":300,"column":17}},"loc":{"start":{"line":300,"column":42},"end":{"line":310,"column":1}},"line":300}},"branchMap":{"0":{"loc":{"start":{"line":50,"column":4},"end":{"line":50,"column":48}},"type":"if","locations":[{"start":{"line":50,"column":4},"end":{"line":50,"column":48}},{"start":{},"end":{}}],"line":50},"1":{"loc":{"start":{"line":53,"column":4},"end":{"line":56,"column":5}},"type":"if","locations":[{"start":{"line":53,"column":4},"end":{"line":56,"column":5}},{"start":{},"end":{}}],"line":53},"2":{"loc":{"start":{"line":61,"column":4},"end":{"line":71,"column":5}},"type":"if","locations":[{"start":{"line":61,"column":4},"end":{"line":71,"column":5}},{"start":{},"end":{}}],"line":61},"3":{"loc":{"start":{"line":80,"column":6},"end":{"line":83,"column":7}},"type":"if","locations":[{"start":{"line":80,"column":6},"end":{"line":83,"column":7}},{"start":{},"end":{}}],"line":80},"4":{"loc":{"start":{"line":93,"column":4},"end":{"line":93,"column":20}},"type":"if","locations":[{"start":{"line":93,"column":4},"end":{"line":93,"column":20}},{"start":{},"end":{}}],"line":93},"5":{"loc":{"start":{"line":119,"column":4},"end":{"line":125,"column":5}},"type":"if","locations":[{"start":{"line":119,"column":4},"end":{"line":125,"column":5}},{"start":{},"end":{}}],"line":119},"6":{"loc":{"start":{"line":128,"column":4},"end":{"line":128,"column":20}},"type":"if","locations":[{"start":{"line":128,"column":4},"end":{"line":128,"column":20}},{"start":{},"end":{}}],"line":128},"7":{"loc":{"start":{"line":177,"column":11},"end":{"line":181,"column":11}},"type":"cond-expr","locations":[{"start":{"line":178,"column":12},"end":{"line":178,"column":46}},{"start":{"line":180,"column":12},"end":{"line":180,"column":82}}],"line":177},"8":{"loc":{"start":{"line":185,"column":30},"end":{"line":185,"column":81}},"type":"cond-expr","locations":[{"start":{"line":185,"column":43},"end":{"line":185,"column":59}},{"start":{"line":185,"column":62},"end":{"line":185,"column":81}}],"line":185},"9":{"loc":{"start":{"line":189,"column":40},"end":{"line":189,"column":71}},"type":"binary-expr","locations":[{"start":{"line":189,"column":40},"end":{"line":189,"column":50}},{"start":{"line":189,"column":54},"end":{"line":189,"column":71}}],"line":189},"10":{"loc":{"start":{"line":190,"column":13},"end":{"line":190,"column":83}},"type":"cond-expr","locations":[{"start":{"line":190,"column":26},"end":{"line":190,"column":49}},{"start":{"line":190,"column":52},"end":{"line":190,"column":83}}],"line":190},"11":{"loc":{"start":{"line":196,"column":7},"end":{"line":198,"column":7}},"type":"binary-expr","locations":[{"start":{"line":196,"column":7},"end":{"line":196,"column":22}},{"start":{"line":197,"column":8},"end":{"line":197,"column":89}}],"line":196},"12":{"loc":{"start":{"line":201,"column":7},"end":{"line":221,"column":7}},"type":"binary-expr","locations":[{"start":{"line":201,"column":7},"end":{"line":201,"column":33}},{"start":{"line":202,"column":8},"end":{"line":220,"column":15}}],"line":201},"13":{"loc":{"start":{"line":210,"column":65},"end":{"line":210,"column":99}},"type":"binary-expr","locations":[{"start":{"line":210,"column":65},"end":{"line":210,"column":72}},{"start":{"line":210,"column":76},"end":{"line":210,"column":99}}],"line":210},"14":{"loc":{"start":{"line":211,"column":49},"end":{"line":211,"column":75}},"type":"cond-expr","locations":[{"start":{"line":211,"column":59},"end":{"line":211,"column":62}},{"start":{"line":211,"column":65},"end":{"line":211,"column":75}}],"line":211},"15":{"loc":{"start":{"line":252,"column":12},"end":{"line":252,"column":60}},"type":"binary-expr","locations":[{"start":{"line":252,"column":12},"end":{"line":252,"column":26}},{"start":{"line":252,"column":30},"end":{"line":252,"column":60}}],"line":252},"16":{"loc":{"start":{"line":259,"column":9},"end":{"line":263,"column":9}},"type":"binary-expr","locations":[{"start":{"line":259,"column":9},"end":{"line":259,"column":45}},{"start":{"line":260,"column":10},"end":{"line":262,"column":29}}],"line":259},"17":{"loc":{"start":{"line":272,"column":7},"end":{"line":277,"column":7}},"type":"binary-expr","locations":[{"start":{"line":272,"column":7},"end":{"line":272,"column":13}},{"start":{"line":273,"column":8},"end":{"line":276,"column":15}}],"line":272},"18":{"loc":{"start":{"line":280,"column":7},"end":{"line":280,"column":71}},"type":"binary-expr","locations":[{"start":{"line":280,"column":7},"end":{"line":280,"column":14}},{"start":{"line":280,"column":18},"end":{"line":280,"column":71}}],"line":280},"19":{"loc":{"start":{"line":285,"column":9},"end":{"line":287,"column":9}},"type":"binary-expr","locations":[{"start":{"line":285,"column":9},"end":{"line":285,"column":34}},{"start":{"line":286,"column":10},"end":{"line":286,"column":85}}],"line":285},"20":{"loc":{"start":{"line":288,"column":9},"end":{"line":290,"column":9}},"type":"binary-expr","locations":[{"start":{"line":288,"column":9},"end":{"line":288,"column":34}},{"start":{"line":289,"column":10},"end":{"line":289,"column":87}}],"line":288}},"s":{"0":0,"1":0,"2":0,"3":0,"4":0,"5":0,"6":0,"7":0,"8":0,"9":0,"10":0,"11":0,"12":0,"13":0,"14":0,"15":0,"16":0,"17":0,"18":0,"19":0,"20":0,"21":0,"22":0,"23":0,"24":0,"25":0,"26":0,"27":0,"28":0,"29":0,"30":0,"31":0,"32":0,"33":0,"34":0,"35":0,"36":0,"37":0,"38":0,"39":0,"40":0,"41":0,"42":0,"43":0,"44":0,"45":0,"46":0,"47":0,"48":0,"49":0,"50":0,"51":0,"52":0,"53":0,"54":0,"55":0,"56":0,"57":0,"58":0,"59":0,"60":0,"61":0,"62":0,"63":0,"64":0,"65":0,"66":0,"67":0,"68":0,"69":0,"70":0,"71":0,"72":0,"73":0,"74":1},"f":{"0":0,"1":0,"2":0,"3":0,"4":0,"5":0,"6":0,"7":0,"8":0,"9":0,"10":0,"11":0,"12":0},"b":{"0":[0,0],"1":[0,0],"2":[0,0],"3":[0,0],"4":[0,0],"5":[0,0],"6":[0,0],"7":[0,0],"8":[0,0],"9":[0,0],"10":[0,0],"11":[0,0],"12":[0,0],"13":[0,0],"14":[0,0],"15":[0,0],"16":[0,0],"17":[0,0],"18":[0,0],"19":[0,0],"20":[0,0]},"_coverageSchema":"1a1c01bbd47fc00a2c39e90264f33305004495a9","hash":"c510d7870bce8dfb4bd66932125b7c690bca9232"}
,"C:\\Implementación-de-Registro-con-Roles-e-Inicio-de-Sesión\\maguiber\\screens\\LoginScreen.js": {"path":"C:\\Implementación-de-Registro-con-Roles-e-Inicio-de-Sesión\\maguiber\\screens\\LoginScreen.js","statementMap":{"0":{"start":{"line":16,"column":30},"end":{"line":16,"column":42}},"1":{"start":{"line":17,"column":40},"end":{"line":17,"column":52}},"2":{"start":{"line":18,"column":34},"end":{"line":18,"column":49}},"3":{"start":{"line":20,"column":25},"end":{"line":48,"column":5}},"4":{"start":{"line":21,"column":8},"end":{"line":24,"column":9}},"5":{"start":{"line":22,"column":12},"end":{"line":22,"column":63}},"6":{"start":{"line":23,"column":12},"end":{"line":23,"column":19}},"7":{"start":{"line":25,"column":8},"end":{"line":28,"column":9}},"8":{"start":{"line":26,"column":12},"end":{"line":26,"column":68}},"9":{"start":{"line":27,"column":12},"end":{"line":27,"column":19}},"10":{"start":{"line":30,"column":8},"end":{"line":30,"column":25}},"11":{"start":{"line":31,"column":8},"end":{"line":47,"column":9}},"12":{"start":{"line":32,"column":29},"end":{"line":32,"column":66}},"13":{"start":{"line":35,"column":12},"end":{"line":40,"column":13}},"14":{"start":{"line":36,"column":16},"end":{"line":36,"column":70}},"15":{"start":{"line":37,"column":16},"end":{"line":37,"column":28}},"16":{"start":{"line":39,"column":16},"end":{"line":39,"column":84}},"17":{"start":{"line":43,"column":33},"end":{"line":43,"column":75}},"18":{"start":{"line":44,"column":12},"end":{"line":44,"column":47}},"19":{"start":{"line":46,"column":12},"end":{"line":46,"column":30}},"20":{"start":{"line":50,"column":4},"end":{"line":105,"column":6}},"21":{"start":{"line":108,"column":15},"end":{"line":194,"column":2}}},"fnMap":{"0":{"name":"LoginScreen","decl":{"start":{"line":15,"column":24},"end":{"line":15,"column":35}},"loc":{"start":{"line":15,"column":63},"end":{"line":106,"column":1}},"line":15},"1":{"name":"(anonymous_1)","decl":{"start":{"line":20,"column":25},"end":{"line":20,"column":26}},"loc":{"start":{"line":20,"column":37},"end":{"line":48,"column":5}},"line":20}},"branchMap":{"0":{"loc":{"start":{"line":21,"column":8},"end":{"line":24,"column":9}},"type":"if","locations":[{"start":{"line":21,"column":8},"end":{"line":24,"column":9}},{"start":{},"end":{}}],"line":21},"1":{"loc":{"start":{"line":25,"column":8},"end":{"line":28,"column":9}},"type":"if","locations":[{"start":{"line":25,"column":8},"end":{"line":28,"column":9}},{"start":{},"end":{}}],"line":25},"2":{"loc":{"start":{"line":35,"column":12},"end":{"line":40,"column":13}},"type":"if","locations":[{"start":{"line":35,"column":12},"end":{"line":40,"column":13}},{"start":{"line":38,"column":19},"end":{"line":40,"column":13}}],"line":35},"3":{"loc":{"start":{"line":39,"column":37},"end":{"line":39,"column":82}},"type":"binary-expr","locations":[{"start":{"line":39,"column":37},"end":{"line":39,"column":53}},{"start":{"line":39,"column":57},"end":{"line":39,"column":82}}],"line":39},"4":{"loc":{"start":{"line":43,"column":33},"end":{"line":43,"column":75}},"type":"binary-expr","locations":[{"start":{"line":43,"column":33},"end":{"line":43,"column":46}},{"start":{"line":43,"column":50},"end":{"line":43,"column":75}}],"line":43},"5":{"loc":{"start":{"line":76,"column":42},"end":{"line":76,"column":78}},"type":"binary-expr","locations":[{"start":{"line":76,"column":42},"end":{"line":76,"column":49}},{"start":{"line":76,"column":53},"end":{"line":76,"column":78}}],"line":76},"6":{"loc":{"start":{"line":80,"column":21},"end":{"line":84,"column":21}},"type":"cond-expr","locations":[{"start":{"line":81,"column":24},"end":{"line":81,"column":71}},{"start":{"line":83,"column":24},"end":{"line":83,"column":76}}],"line":80}},"s":{"0":8,"1":8,"2":8,"3":8,"4":2,"5":0,"6":0,"7":2,"8":0,"9":0,"10":2,"11":2,"12":2,"13":2,"14":2,"15":2,"16":0,"17":0,"18":0,"19":2,"20":8,"21":1},"f":{"0":8,"1":2},"b":{"0":[0,2],"1":[0,2],"2":[2,0],"3":[0,0],"4":[0,0],"5":[8,2],"6":[2,6]},"_coverageSchema":"1a1c01bbd47fc00a2c39e90264f33305004495a9","hash":"2e6edafe92e18e9955be81d48bbb951c09d2a597"}
,"C:\\Implementación-de-Registro-con-Roles-e-Inicio-de-Sesión\\maguiber\\screens\\OnboardingScreen.js": {"path":"C:\\Implementación-de-Registro-con-Roles-e-Inicio-de-Sesión\\maguiber\\screens\\OnboardingScreen.js","statementMap":{"0":{"start":{"line":14,"column":26},"end":{"line":14,"column":50}},"1":{"start":{"line":17,"column":40},"end":{"line":17,"column":51}},"2":{"start":{"line":19,"column":26},"end":{"line":99,"column":3}},"3":{"start":{"line":48,"column":14},"end":{"line":54,"column":21}},"4":{"start":{"line":56,"column":36},"end":{"line":56,"column":45}},"5":{"start":{"line":75,"column":14},"end":{"line":79,"column":21}},"6":{"start":{"line":81,"column":36},"end":{"line":81,"column":45}},"7":{"start":{"line":101,"column":21},"end":{"line":107,"column":3}},"8":{"start":{"line":102,"column":4},"end":{"line":106,"column":5}},"9":{"start":{"line":103,"column":6},"end":{"line":103,"column":38}},"10":{"start":{"line":105,"column":6},"end":{"line":105,"column":43}},"11":{"start":{"line":109,"column":25},"end":{"line":113,"column":3}},"12":{"start":{"line":110,"column":4},"end":{"line":112,"column":5}},"13":{"start":{"line":111,"column":6},"end":{"line":111,"column":38}},"14":{"start":{"line":115,"column":21},"end":{"line":117,"column":3}},"15":{"start":{"line":116,"column":4},"end":{"line":116,"column":41}},"16":{"start":{"line":119,"column":15},"end":{"line":119,"column":43}},"17":{"start":{"line":121,"column":2},"end":{"line":172,"column":4}},"18":{"start":{"line":130,"column":12},"end":{"line":136,"column":14}},"19":{"start":{"line":175,"column":15},"end":{"line":309,"column":2}}},"fnMap":{"0":{"name":"OnboardingScreen","decl":{"start":{"line":16,"column":24},"end":{"line":16,"column":40}},"loc":{"start":{"line":16,"column":57},"end":{"line":173,"column":1}},"line":16},"1":{"name":"(anonymous_1)","decl":{"start":{"line":47,"column":24},"end":{"line":47,"column":25}},"loc":{"start":{"line":48,"column":14},"end":{"line":54,"column":21}},"line":48},"2":{"name":"(anonymous_2)","decl":{"start":{"line":56,"column":26},"end":{"line":56,"column":27}},"loc":{"start":{"line":56,"column":36},"end":{"line":56,"column":45}},"line":56},"3":{"name":"(anonymous_3)","decl":{"start":{"line":74,"column":24},"end":{"line":74,"column":25}},"loc":{"start":{"line":75,"column":14},"end":{"line":79,"column":21}},"line":75},"4":{"name":"(anonymous_4)","decl":{"start":{"line":81,"column":26},"end":{"line":81,"column":27}},"loc":{"start":{"line":81,"column":36},"end":{"line":81,"column":45}},"line":81},"5":{"name":"(anonymous_5)","decl":{"start":{"line":101,"column":21},"end":{"line":101,"column":22}},"loc":{"start":{"line":101,"column":27},"end":{"line":107,"column":3}},"line":101},"6":{"name":"(anonymous_6)","decl":{"start":{"line":109,"column":25},"end":{"line":109,"column":26}},"loc":{"start":{"line":109,"column":31},"end":{"line":113,"column":3}},"line":109},"7":{"name":"(anonymous_7)","decl":{"start":{"line":115,"column":21},"end":{"line":115,"column":22}},"loc":{"start":{"line":115,"column":27},"end":{"line":117,"column":3}},"line":115},"8":{"name":"(anonymous_8)","decl":{"start":{"line":129,"column":31},"end":{"line":129,"column":32}},"loc":{"start":{"line":130,"column":12},"end":{"line":136,"column":14}},"line":130}},"branchMap":{"0":{"loc":{"start":{"line":78,"column":17},"end":{"line":78,"column":75}},"type":"binary-expr","locations":[{"start":{"line":78,"column":17},"end":{"line":78,"column":25}},{"start":{"line":78,"column":29},"end":{"line":78,"column":75}}],"line":78},"1":{"loc":{"start":{"line":102,"column":4},"end":{"line":106,"column":5}},"type":"if","locations":[{"start":{"line":102,"column":4},"end":{"line":106,"column":5}},{"start":{"line":104,"column":11},"end":{"line":106,"column":5}}],"line":102},"2":{"loc":{"start":{"line":110,"column":4},"end":{"line":112,"column":5}},"type":"if","locations":[{"start":{"line":110,"column":4},"end":{"line":112,"column":5}},{"start":{},"end":{}}],"line":110},"3":{"loc":{"start":{"line":134,"column":16},"end":{"line":134,"column":63}},"type":"binary-expr","locations":[{"start":{"line":134,"column":16},"end":{"line":134,"column":37}},{"start":{"line":134,"column":41},"end":{"line":134,"column":63}}],"line":134},"4":{"loc":{"start":{"line":149,"column":56},"end":{"line":149,"column":98}},"type":"binary-expr","locations":[{"start":{"line":149,"column":56},"end":{"line":149,"column":73}},{"start":{"line":149,"column":77},"end":{"line":149,"column":98}}],"line":149},"5":{"loc":{"start":{"line":154,"column":19},"end":{"line":154,"column":57}},"type":"cond-expr","locations":[{"start":{"line":154,"column":39},"end":{"line":154,"column":45}},{"start":{"line":154,"column":48},"end":{"line":154,"column":57}}],"line":154},"6":{"loc":{"start":{"line":156,"column":43},"end":{"line":156,"column":89}},"type":"binary-expr","locations":[{"start":{"line":156,"column":43},"end":{"line":156,"column":60}},{"start":{"line":156,"column":64},"end":{"line":156,"column":89}}],"line":156},"7":{"loc":{"start":{"line":166,"column":13},"end":{"line":166,"column":82}},"type":"cond-expr","locations":[{"start":{"line":166,"column":58},"end":{"line":166,"column":68}},{"start":{"line":166,"column":71},"end":{"line":166,"column":82}}],"line":166}},"s":{"0":1,"1":12,"2":12,"3":12,"4":15,"5":9,"6":12,"7":12,"8":12,"9":9,"10":3,"11":12,"12":0,"13":0,"14":12,"15":0,"16":12,"17":12,"18":48,"19":1},"f":{"0":12,"1":12,"2":15,"3":9,"4":12,"5":12,"6":0,"7":0,"8":48},"b":{"0":[9,3],"1":[9,3],"2":[0,0],"3":[48,12],"4":[12,3],"5":[3,9],"6":[12,3],"7":[3,9]},"_coverageSchema":"1a1c01bbd47fc00a2c39e90264f33305004495a9","hash":"5a5348bc5ad2118fe4b14c5a037ca1b67861464e"}
,"C:\\Implementación-de-Registro-con-Roles-e-Inicio-de-Sesión\\maguiber\\screens\\RegisterScreen.js": {"path":"C:\\Implementación-de-Registro-con-Roles-e-Inicio-de-Sesión\\maguiber\\screens\\RegisterScreen.js","statementMap":{"0":{"start":{"line":15,"column":32},"end":{"line":15,"column":44}},"1":{"start":{"line":16,"column":30},"end":{"line":16,"column":42}},"2":{"start":{"line":17,"column":40},"end":{"line":17,"column":52}},"3":{"start":{"line":18,"column":58},"end":{"line":18,"column":70}},"4":{"start":{"line":19,"column":34},"end":{"line":19,"column":49}},"5":{"start":{"line":21,"column":28},"end":{"line":55,"column":5}},"6":{"start":{"line":22,"column":8},"end":{"line":25,"column":9}},"7":{"start":{"line":23,"column":12},"end":{"line":23,"column":64}},"8":{"start":{"line":24,"column":12},"end":{"line":24,"column":19}},"9":{"start":{"line":26,"column":8},"end":{"line":29,"column":9}},"10":{"start":{"line":27,"column":12},"end":{"line":27,"column":63}},"11":{"start":{"line":28,"column":12},"end":{"line":28,"column":19}},"12":{"start":{"line":30,"column":8},"end":{"line":33,"column":9}},"13":{"start":{"line":31,"column":12},"end":{"line":31,"column":69}},"14":{"start":{"line":32,"column":12},"end":{"line":32,"column":19}},"15":{"start":{"line":34,"column":8},"end":{"line":37,"column":9}},"16":{"start":{"line":35,"column":12},"end":{"line":35,"column":83}},"17":{"start":{"line":36,"column":12},"end":{"line":36,"column":19}},"18":{"start":{"line":38,"column":8},"end":{"line":41,"column":9}},"19":{"start":{"line":39,"column":12},"end":{"line":39,"column":65}},"20":{"start":{"line":40,"column":12},"end":{"line":40,"column":19}},"21":{"start":{"line":43,"column":8},"end":{"line":43,"column":25}},"22":{"start":{"line":44,"column":8},"end":{"line":54,"column":9}},"23":{"start":{"line":45,"column":29},"end":{"line":45,"column":80}},"24":{"start":{"line":46,"column":12},"end":{"line":49,"column":13}},"25":{"start":{"line":47,"column":16},"end":{"line":47,"column":73}},"26":{"start":{"line":48,"column":16},"end":{"line":48,"column":28}},"27":{"start":{"line":51,"column":12},"end":{"line":51,"column":80}},"28":{"start":{"line":53,"column":12},"end":{"line":53,"column":30}},"29":{"start":{"line":57,"column":4},"end":{"line":114,"column":6}},"30":{"start":{"line":117,"column":15},"end":{"line":126,"column":2}}},"fnMap":{"0":{"name":"RegisterScreen","decl":{"start":{"line":14,"column":24},"end":{"line":14,"column":38}},"loc":{"start":{"line":14,"column":62},"end":{"line":115,"column":1}},"line":14},"1":{"name":"(anonymous_1)","decl":{"start":{"line":21,"column":28},"end":{"line":21,"column":29}},"loc":{"start":{"line":21,"column":40},"end":{"line":55,"column":5}},"line":21}},"branchMap":{"0":{"loc":{"start":{"line":22,"column":8},"end":{"line":25,"column":9}},"type":"if","locations":[{"start":{"line":22,"column":8},"end":{"line":25,"column":9}},{"start":{},"end":{}}],"line":22},"1":{"loc":{"start":{"line":26,"column":8},"end":{"line":29,"column":9}},"type":"if","locations":[{"start":{"line":26,"column":8},"end":{"line":29,"column":9}},{"start":{},"end":{}}],"line":26},"2":{"loc":{"start":{"line":30,"column":8},"end":{"line":33,"column":9}},"type":"if","locations":[{"start":{"line":30,"column":8},"end":{"line":33,"column":9}},{"start":{},"end":{}}],"line":30},"3":{"loc":{"start":{"line":34,"column":8},"end":{"line":37,"column":9}},"type":"if","locations":[{"start":{"line":34,"column":8},"end":{"line":37,"column":9}},{"start":{},"end":{}}],"line":34},"4":{"loc":{"start":{"line":38,"column":8},"end":{"line":41,"column":9}},"type":"if","locations":[{"start":{"line":38,"column":8},"end":{"line":41,"column":9}},{"start":{},"end":{}}],"line":38},"5":{"loc":{"start":{"line":46,"column":12},"end":{"line":49,"column":13}},"type":"if","locations":[{"start":{"line":46,"column":12},"end":{"line":49,"column":13}},{"start":{},"end":{}}],"line":46},"6":{"loc":{"start":{"line":51,"column":33},"end":{"line":51,"column":78}},"type":"binary-expr","locations":[{"start":{"line":51,"column":33},"end":{"line":51,"column":46}},{"start":{"line":51,"column":50},"end":{"line":51,"column":78}}],"line":51},"7":{"loc":{"start":{"line":102,"column":42},"end":{"line":102,"column":78}},"type":"binary-expr","locations":[{"start":{"line":102,"column":42},"end":{"line":102,"column":49}},{"start":{"line":102,"column":53},"end":{"line":102,"column":78}}],"line":102},"8":{"loc":{"start":{"line":106,"column":21},"end":{"line":110,"column":21}},"type":"cond-expr","locations":[{"start":{"line":107,"column":24},"end":{"line":107,"column":71}},{"start":{"line":109,"column":24},"end":{"line":109,"column":74}}],"line":106}},"s":{"0":12,"1":12,"2":12,"3":12,"4":12,"5":12,"6":2,"7":0,"8":0,"9":2,"10":0,"11":0,"12":2,"13":0,"14":0,"15":2,"16":0,"17":0,"18":2,"19":1,"20":1,"21":1,"22":1,"23":1,"24":1,"25":1,"26":1,"27":0,"28":1,"29":12,"30":1},"f":{"0":12,"1":2},"b":{"0":[0,2],"1":[0,2],"2":[0,2],"3":[0,2],"4":[1,1],"5":[1,0],"6":[0,0],"7":[12,1],"8":[1,11]},"_coverageSchema":"1a1c01bbd47fc00a2c39e90264f33305004495a9","hash":"337d65acfa6ef1e6f276fad699adc0217dc8bde5"}
,"C:\\Implementación-de-Registro-con-Roles-e-Inicio-de-Sesión\\maguiber\\services\\authService.js": {"path":"C:\\Implementación-de-Registro-con-Roles-e-Inicio-de-Sesión\\maguiber\\services\\authService.js","statementMap":{"0":{"start":{"line":5,"column":16},"end":{"line":5,"column":50}},"1":{"start":{"line":8,"column":18},"end":{"line":11,"column":2}},"2":{"start":{"line":14,"column":0},"end":{"line":25,"column":2}},"3":{"start":{"line":16,"column":22},"end":{"line":16,"column":61}},"4":{"start":{"line":17,"column":8},"end":{"line":19,"column":9}},"5":{"start":{"line":18,"column":12},"end":{"line":18,"column":61}},"6":{"start":{"line":20,"column":8},"end":{"line":20,"column":22}},"7":{"start":{"line":23,"column":8},"end":{"line":23,"column":37}},"8":{"start":{"line":28,"column":31},"end":{"line":40,"column":1}},"9":{"start":{"line":29,"column":4},"end":{"line":39,"column":5}},"10":{"start":{"line":30,"column":25},"end":{"line":35,"column":10}},"11":{"start":{"line":36,"column":8},"end":{"line":36,"column":54}},"12":{"start":{"line":38,"column":8},"end":{"line":38,"column":90}},"13":{"start":{"line":43,"column":28},"end":{"line":67,"column":1}},"14":{"start":{"line":44,"column":4},"end":{"line":66,"column":5}},"15":{"start":{"line":45,"column":25},"end":{"line":48,"column":10}},"16":{"start":{"line":50,"column":8},"end":{"line":53,"column":9}},"17":{"start":{"line":51,"column":12},"end":{"line":51,"column":73}},"18":{"start":{"line":52,"column":12},"end":{"line":52,"column":89}},"19":{"start":{"line":56,"column":8},"end":{"line":60,"column":10}},"20":{"start":{"line":62,"column":8},"end":{"line":65,"column":10}},"21":{"start":{"line":70,"column":29},"end":{"line":84,"column":1}},"22":{"start":{"line":71,"column":4},"end":{"line":83,"column":5}},"23":{"start":{"line":72,"column":25},"end":{"line":72,"column":55}},"24":{"start":{"line":74,"column":8},"end":{"line":77,"column":10}},"25":{"start":{"line":79,"column":8},"end":{"line":82,"column":10}},"26":{"start":{"line":87,"column":28},"end":{"line":94,"column":1}},"27":{"start":{"line":88,"column":4},"end":{"line":93,"column":5}},"28":{"start":{"line":89,"column":25},"end":{"line":89,"column":54}},"29":{"start":{"line":90,"column":8},"end":{"line":90,"column":55}},"30":{"start":{"line":92,"column":8},"end":{"line":92,"column":90}},"31":{"start":{"line":97,"column":22},"end":{"line":105,"column":1}},"32":{"start":{"line":98,"column":4},"end":{"line":104,"column":5}},"33":{"start":{"line":99,"column":8},"end":{"line":99,"column":51}},"34":{"start":{"line":100,"column":8},"end":{"line":100,"column":49}},"35":{"start":{"line":101,"column":8},"end":{"line":101,"column":33}},"36":{"start":{"line":103,"column":8},"end":{"line":103,"column":57}},"37":{"start":{"line":108,"column":24},"end":{"line":114,"column":1}},"38":{"start":{"line":109,"column":4},"end":{"line":113,"column":5}},"39":{"start":{"line":110,"column":8},"end":{"line":110,"column":55}},"40":{"start":{"line":112,"column":8},"end":{"line":112,"column":20}},"41":{"start":{"line":117,"column":26},"end":{"line":124,"column":1}},"42":{"start":{"line":118,"column":4},"end":{"line":123,"column":5}},"43":{"start":{"line":119,"column":24},"end":{"line":119,"column":61}},"44":{"start":{"line":120,"column":8},"end":{"line":120,"column":52}},"45":{"start":{"line":122,"column":8},"end":{"line":122,"column":20}}},"fnMap":{"0":{"name":"(anonymous_0)","decl":{"start":{"line":15,"column":4},"end":{"line":15,"column":5}},"loc":{"start":{"line":15,"column":22},"end":{"line":21,"column":5}},"line":15},"1":{"name":"(anonymous_1)","decl":{"start":{"line":22,"column":4},"end":{"line":22,"column":5}},"loc":{"start":{"line":22,"column":15},"end":{"line":24,"column":5}},"line":22},"2":{"name":"(anonymous_2)","decl":{"start":{"line":28,"column":31},"end":{"line":28,"column":32}},"loc":{"start":{"line":28,"column":76},"end":{"line":40,"column":1}},"line":28},"3":{"name":"(anonymous_3)","decl":{"start":{"line":43,"column":28},"end":{"line":43,"column":29}},"loc":{"start":{"line":43,"column":57},"end":{"line":67,"column":1}},"line":43},"4":{"name":"(anonymous_4)","decl":{"start":{"line":70,"column":29},"end":{"line":70,"column":30}},"loc":{"start":{"line":70,"column":41},"end":{"line":84,"column":1}},"line":70},"5":{"name":"(anonymous_5)","decl":{"start":{"line":87,"column":28},"end":{"line":87,"column":29}},"loc":{"start":{"line":87,"column":40},"end":{"line":94,"column":1}},"line":87},"6":{"name":"(anonymous_6)","decl":{"start":{"line":97,"column":22},"end":{"line":97,"column":23}},"loc":{"start":{"line":97,"column":34},"end":{"line":105,"column":1}},"line":97},"7":{"name":"(anonymous_7)","decl":{"start":{"line":108,"column":24},"end":{"line":108,"column":25}},"loc":{"start":{"line":108,"column":36},"end":{"line":114,"column":1}},"line":108},"8":{"name":"(anonymous_8)","decl":{"start":{"line":117,"column":26},"end":{"line":117,"column":27}},"loc":{"start":{"line":117,"column":38},"end":{"line":124,"column":1}},"line":117}},"branchMap":{"0":{"loc":{"start":{"line":17,"column":8},"end":{"line":19,"column":9}},"type":"if","locations":[{"start":{"line":17,"column":8},"end":{"line":19,"column":9}},{"start":{},"end":{}}],"line":17},"1":{"loc":{"start":{"line":38,"column":41},"end":{"line":38,"column":87}},"type":"binary-expr","locations":[{"start":{"line":38,"column":41},"end":{"line":38,"column":70}},{"start":{"line":38,"column":74},"end":{"line":38,"column":87}}],"line":38},"2":{"loc":{"start":{"line":50,"column":8},"end":{"line":53,"column":9}},"type":"if","locations":[{"start":{"line":50,"column":8},"end":{"line":53,"column":9}},{"start":{},"end":{}}],"line":50},"3":{"loc":{"start":{"line":64,"column":21},"end":{"line":64,"column":79}},"type":"binary-expr","locations":[{"start":{"line":64,"column":21},"end":{"line":64,"column":50}},{"start":{"line":64,"column":54},"end":{"line":64,"column":79}}],"line":64},"4":{"loc":{"start":{"line":76,"column":21},"end":{"line":76,"column":59}},"type":"binary-expr","locations":[{"start":{"line":76,"column":21},"end":{"line":76,"column":42}},{"start":{"line":76,"column":46},"end":{"line":76,"column":59}}],"line":76},"5":{"loc":{"start":{"line":81,"column":21},"end":{"line":81,"column":83}},"type":"binary-expr","locations":[{"start":{"line":81,"column":21},"end":{"line":81,"column":50}},{"start":{"line":81,"column":54},"end":{"line":81,"column":83}}],"line":81},"6":{"loc":{"start":{"line":92,"column":41},"end":{"line":92,"column":87}},"type":"binary-expr","locations":[{"start":{"line":92,"column":41},"end":{"line":92,"column":70}},{"start":{"line":92,"column":74},"end":{"line":92,"column":87}}],"line":92},"7":{"loc":{"start":{"line":120,"column":15},"end":{"line":120,"column":51}},"type":"cond-expr","locations":[{"start":{"line":120,"column":25},"end":{"line":120,"column":44}},{"start":{"line":120,"column":47},"end":{"line":120,"column":51}}],"line":120}},"s":{"0":0,"1":0,"2":0,"3":0,"4":0,"5":0,"6":0,"7":0,"8":0,"9":0,"10":0,"11":0,"12":0,"13":0,"14":0,"15":0,"16":0,"17":0,"18":0,"19":0,"20":0,"21":0,"22":0,"23":0,"24":0,"25":0,"26":0,"27":0,"28":0,"29":0,"30":0,"31":0,"32":0,"33":0,"34":0,"35":0,"36":0,"37":0,"38":0,"39":0,"40":0,"41":0,"42":0,"43":0,"44":0,"45":0},"f":{"0":0,"1":0,"2":0,"3":0,"4":0,"5":0,"6":0,"7":0,"8":0},"b":{"0":[0,0],"1":[0,0],"2":[0,0],"3":[0,0],"4":[0,0],"5":[0,0],"6":[0,0],"7":[0,0]}}
}
