TN:
SF:hooks\useFormValidation.js
FN:4,(anonymous_0)
FN:12,(anonymous_1)
FN:13,(anonymous_2)
FN:15,(anonymous_3)
FN:20,(anonymous_4)
FN:21,(anonymous_5)
FN:27,(anonymous_6)
FN:28,(anonymous_7)
FN:38,(anonymous_8)
FN:42,(anonymous_9)
FN:49,(anonymous_10)
FN:57,(anonymous_11)
FN:72,(anonymous_12)
FN:79,(anonymous_13)
FN:80,(anonymous_14)
FN:83,(anonymous_15)
FN:84,(anonymous_16)
FN:87,(anonymous_17)
FN:94,(anonymous_18)
FN:95,(anonymous_19)
FNF:20
FNH:0
FNDA:0,(anonymous_0)
FNDA:0,(anonymous_1)
FNDA:0,(anonymous_2)
FNDA:0,(anonymous_3)
FNDA:0,(anonymous_4)
FNDA:0,(anonymous_5)
FNDA:0,(anonymous_6)
FNDA:0,(anonymous_7)
FNDA:0,(anonymous_8)
FNDA:0,(anonymous_9)
FNDA:0,(anonymous_10)
FNDA:0,(anonymous_11)
FNDA:0,(anonymous_12)
FNDA:0,(anonymous_13)
FNDA:0,(anonymous_14)
FNDA:0,(anonymous_15)
FNDA:0,(anonymous_16)
FNDA:0,(anonymous_17)
FNDA:0,(anonymous_18)
FNDA:0,(anonymous_19)
DA:4,0
DA:5,0
DA:6,0
DA:7,0
DA:8,0
DA:9,0
DA:10,0
DA:12,0
DA:13,0
DA:14,0
DA:15,0
DA:19,0
DA:21,0
DA:23,0
DA:24,0
DA:27,0
DA:28,0
DA:30,0
DA:31,0
DA:38,0
DA:40,0
DA:42,0
DA:49,0
DA:50,0
DA:52,0
DA:53,0
DA:55,0
DA:56,0
DA:58,0
DA:59,0
DA:63,0
DA:65,0
DA:66,0
DA:68,0
DA:72,0
DA:73,0
DA:74,0
DA:75,0
DA:76,0
DA:79,0
DA:80,0
DA:83,0
DA:84,0
DA:87,0
DA:88,0
DA:94,0
DA:95,0
DA:99,0
LF:48
LH:0
BRDA:4,0,0,0
BRDA:14,1,0,0
BRDA:14,1,1,0
BRDA:23,2,0,0
BRDA:23,2,1,0
BRDA:89,3,0,0
BRDA:89,3,1,0
BRDA:90,4,0,0
BRDA:90,4,1,0
BRDA:93,5,0,0
BRDA:93,5,1,0
BRDA:93,5,2,0
BRF:12
BRH:0
end_of_record
TN:
SF:hooks\usePermissions.js
FN:28,usePermission
FN:35,(anonymous_1)
FN:54,(anonymous_2)
FN:72,(anonymous_3)
FN:78,(anonymous_4)
FNF:5
FNH:0
FNDA:0,usePermission
FNDA:0,(anonymous_1)
FNDA:0,(anonymous_2)
FNDA:0,(anonymous_3)
FNDA:0,(anonymous_4)
DA:12,1
DA:29,0
DA:35,0
DA:39,0
DA:43,0
DA:45,0
DA:46,0
DA:47,0
DA:54,0
DA:55,0
DA:56,0
DA:57,0
DA:58,0
DA:59,0
DA:60,0
DA:62,0
DA:63,0
DA:64,0
DA:72,0
DA:73,0
DA:78,0
DA:83,0
LF:22
LH:1
BRDA:28,0,0,0
BRDA:39,1,0,0
BRDA:39,1,1,0
BRDA:41,2,0,0
BRDA:41,2,1,0
BRDA:41,3,0,0
BRDA:41,3,1,0
BRDA:43,4,0,0
BRDA:43,4,1,0
BRDA:45,5,0,0
BRDA:45,5,1,0
BRDA:46,6,0,0
BRDA:46,6,1,0
BRDA:46,7,0,0
BRDA:46,7,1,0
BRF:15
BRH:0
end_of_record
TN:
SF:screens\CameraScreen.js
FN:28,CameraScreen
FN:33,(anonymous_1)
FN:42,(anonymous_2)
FN:59,(anonymous_3)
FN:84,(anonymous_4)
FN:97,(anonymous_5)
FN:141,(anonymous_6)
FN:152,(anonymous_7)
FN:152,(anonymous_8)
FN:202,(anonymous_9)
FN:216,(anonymous_10)
FN:228,PermissionBadge
FN:245,ActionButton
FNF:13
FNH:0
FNDA:0,CameraScreen
FNDA:0,(anonymous_1)
FNDA:0,(anonymous_2)
FNDA:0,(anonymous_3)
FNDA:0,(anonymous_4)
FNDA:0,(anonymous_5)
FNDA:0,(anonymous_6)
FNDA:0,(anonymous_7)
FNDA:0,(anonymous_8)
FNDA:0,(anonymous_9)
FNDA:0,(anonymous_10)
FNDA:0,PermissionBadge
FNDA:0,ActionButton
DA:30,0
DA:32,0
DA:34,0
DA:35,0
DA:41,0
DA:43,0
DA:44,0
DA:50,0
DA:51,0
DA:52,0
DA:53,0
DA:54,0
DA:59,0
DA:60,0
DA:61,0
DA:62,0
DA:64,0
DA:65,0
DA:66,0
DA:68,0
DA:69,0
DA:70,0
DA:71,0
DA:72,0
DA:84,0
DA:85,0
DA:86,0
DA:87,0
DA:88,0
DA:89,0
DA:91,0
DA:92,0
DA:97,0
DA:98,0
DA:99,0
DA:100,0
DA:103,0
DA:105,0
DA:106,0
DA:107,0
DA:110,0
DA:111,0
DA:112,0
DA:118,0
DA:121,0
DA:128,0
DA:129,0
DA:134,0
DA:135,0
DA:141,0
DA:152,0
DA:163,0
DA:202,0
DA:216,0
DA:229,0
DA:236,0
DA:237,0
DA:246,0
DA:263,1
LF:59
LH:1
BRDA:60,0,0,0
BRDA:60,0,1,0
BRDA:60,1,0,0
BRDA:60,1,1,0
BRDA:64,2,0,0
BRDA:64,2,1,0
BRDA:69,3,0,0
BRDA:69,3,1,0
BRDA:71,4,0,0
BRDA:71,4,1,0
BRDA:85,5,0,0
BRDA:85,5,1,0
BRDA:98,6,0,0
BRDA:98,6,1,0
BRDA:105,7,0,0
BRDA:105,7,1,0
BRDA:110,8,0,0
BRDA:110,8,1,0
BRDA:111,9,0,0
BRDA:111,9,1,0
BRDA:128,10,0,0
BRDA:128,10,1,0
BRDA:134,11,0,0
BRDA:134,11,1,0
BRDA:152,12,0,0
BRDA:152,12,1,0
BRDA:196,13,0,0
BRDA:196,13,1,0
BRDA:210,14,0,0
BRDA:210,14,1,0
BRDA:236,15,0,0
BRDA:236,15,1,0
BRDA:248,16,0,0
BRDA:248,16,1,0
BRF:34
BRH:0
end_of_record
TN:
SF:screens\HomeScreen.js
FN:14,HomeScreen
FN:19,(anonymous_1)
FN:23,(anonymous_2)
FN:39,(anonymous_3)
FN:97,(anonymous_4)
FN:109,(anonymous_5)
FNF:6
FNH:3
FNDA:4,HomeScreen
FNDA:2,(anonymous_1)
FNDA:2,(anonymous_2)
FNDA:0,(anonymous_3)
FNDA:0,(anonymous_4)
FNDA:0,(anonymous_5)
DA:15,4
DA:16,4
DA:17,4
DA:19,4
DA:20,2
DA:23,4
DA:24,2
DA:25,2
DA:27,2
DA:28,2
DA:30,0
DA:33,0
DA:35,2
DA:39,4
DA:40,0
DA:41,0
DA:42,0
DA:43,0
DA:45,0
DA:47,0
DA:51,4
DA:52,2
DA:59,2
DA:97,0
DA:109,0
DA:157,1
LF:26
LH:16
BRDA:27,0,0,2
BRDA:27,0,1,0
BRDA:27,1,0,2
BRDA:27,1,1,2
BRDA:30,2,0,0
BRDA:30,2,1,0
BRDA:33,3,0,0
BRDA:33,3,1,0
BRDA:51,4,0,2
BRDA:51,4,1,2
BRDA:87,5,0,2
BRDA:87,5,1,0
BRDA:120,6,0,2
BRDA:120,6,1,1
BRDA:132,7,0,2
BRDA:132,7,1,1
BRDA:142,8,0,2
BRDA:142,8,1,0
BRDA:146,9,0,0
BRDA:146,9,1,2
BRF:20
BRH:12
end_of_record
TN:
SF:screens\LocationScreen.js
FN:27,LocationScreen
FN:30,(anonymous_1)
FN:48,(anonymous_2)
FN:77,(anonymous_3)
FN:91,(anonymous_4)
FN:118,(anonymous_5)
FN:137,(anonymous_6)
FN:141,(anonymous_7)
FN:152,(anonymous_8)
FN:209,(anonymous_9)
FN:228,PermissionCard
FN:269,LocationCard
FN:300,CoordRow
FNF:13
FNH:0
FNDA:0,LocationScreen
FNDA:0,(anonymous_1)
FNDA:0,(anonymous_2)
FNDA:0,(anonymous_3)
FNDA:0,(anonymous_4)
FNDA:0,(anonymous_5)
FNDA:0,(anonymous_6)
FNDA:0,(anonymous_7)
FNDA:0,(anonymous_8)
FNDA:0,(anonymous_9)
FNDA:0,PermissionCard
FNDA:0,LocationCard
FNDA:0,CoordRow
DA:29,0
DA:31,0
DA:32,0
DA:38,0
DA:39,0
DA:40,0
DA:41,0
DA:42,0
DA:43,0
DA:48,0
DA:50,0
DA:53,0
DA:54,0
DA:55,0
DA:59,0
DA:61,0
DA:62,0
DA:70,0
DA:73,0
DA:77,0
DA:78,0
DA:79,0
DA:80,0
DA:81,0
DA:82,0
DA:87,0
DA:91,0
DA:92,0
DA:93,0
DA:95,0
DA:96,0
DA:97,0
DA:99,0
DA:100,0
DA:104,0
DA:105,0
DA:107,0
DA:108,0
DA:110,0
DA:111,0
DA:113,0
DA:118,0
DA:119,0
DA:121,0
DA:122,0
DA:123,0
DA:124,0
DA:127,0
DA:128,0
DA:130,0
DA:131,0
DA:138,0
DA:139,0
DA:140,0
DA:141,0
DA:144,0
DA:145,0
DA:147,0
DA:148,0
DA:152,0
DA:153,0
DA:154,0
DA:155,0
DA:159,0
DA:210,0
DA:229,0
DA:252,0
DA:254,0
DA:270,0
DA:301,0
DA:314,1
LF:71
LH:1
BRDA:50,0,0,0
BRDA:50,0,1,0
BRDA:53,1,0,0
BRDA:53,1,1,0
BRDA:61,2,0,0
BRDA:61,2,1,0
BRDA:80,3,0,0
BRDA:80,3,1,0
BRDA:93,4,0,0
BRDA:93,4,1,0
BRDA:119,5,0,0
BRDA:119,5,1,0
BRDA:128,6,0,0
BRDA:128,6,1,0
BRDA:177,7,0,0
BRDA:177,7,1,0
BRDA:185,8,0,0
BRDA:185,8,1,0
BRDA:189,9,0,0
BRDA:189,9,1,0
BRDA:190,10,0,0
BRDA:190,10,1,0
BRDA:196,11,0,0
BRDA:196,11,1,0
BRDA:201,12,0,0
BRDA:201,12,1,0
BRDA:210,13,0,0
BRDA:210,13,1,0
BRDA:211,14,0,0
BRDA:211,14,1,0
BRDA:252,15,0,0
BRDA:252,15,1,0
BRDA:259,16,0,0
BRDA:259,16,1,0
BRDA:272,17,0,0
BRDA:272,17,1,0
BRDA:280,18,0,0
BRDA:280,18,1,0
BRDA:285,19,0,0
BRDA:285,19,1,0
BRDA:288,20,0,0
BRDA:288,20,1,0
BRF:42
BRH:0
end_of_record
TN:
SF:screens\LoginScreen.js
FN:15,LoginScreen
FN:20,(anonymous_1)
FNF:2
FNH:2
FNDA:8,LoginScreen
FNDA:2,(anonymous_1)
DA:16,8
DA:17,8
DA:18,8
DA:20,8
DA:21,2
DA:22,0
DA:23,0
DA:25,2
DA:26,0
DA:27,0
DA:30,2
DA:31,2
DA:32,2
DA:35,2
DA:36,2
DA:37,2
DA:39,0
DA:43,0
DA:44,0
DA:46,2
DA:50,8
DA:108,1
LF:22
LH:15
BRDA:21,0,0,0
BRDA:21,0,1,2
BRDA:25,1,0,0
BRDA:25,1,1,2
BRDA:35,2,0,2
BRDA:35,2,1,0
BRDA:39,3,0,0
BRDA:39,3,1,0
BRDA:43,4,0,0
BRDA:43,4,1,0
BRDA:76,5,0,8
BRDA:76,5,1,2
BRDA:80,6,0,2
BRDA:80,6,1,6
BRF:14
BRH:7
end_of_record
TN:
SF:screens\OnboardingScreen.js
FN:16,OnboardingScreen
FN:47,(anonymous_1)
FN:56,(anonymous_2)
FN:74,(anonymous_3)
FN:81,(anonymous_4)
FN:101,(anonymous_5)
FN:109,(anonymous_6)
FN:115,(anonymous_7)
FN:129,(anonymous_8)
FNF:9
FNH:7
FNDA:12,OnboardingScreen
FNDA:12,(anonymous_1)
FNDA:15,(anonymous_2)
FNDA:9,(anonymous_3)
FNDA:12,(anonymous_4)
FNDA:12,(anonymous_5)
FNDA:0,(anonymous_6)
FNDA:0,(anonymous_7)
FNDA:48,(anonymous_8)
DA:14,1
DA:17,12
DA:19,12
DA:48,12
DA:56,15
DA:75,9
DA:81,12
DA:101,12
DA:102,12
DA:103,9
DA:105,3
DA:109,12
DA:110,0
DA:111,0
DA:115,12
DA:116,0
DA:119,12
DA:121,12
DA:130,48
DA:175,1
LF:20
LH:17
BRDA:78,0,0,9
BRDA:78,0,1,3
BRDA:102,1,0,9
BRDA:102,1,1,3
BRDA:110,2,0,0
BRDA:110,2,1,0
BRDA:134,3,0,48
BRDA:134,3,1,12
BRDA:149,4,0,12
BRDA:149,4,1,3
BRDA:154,5,0,3
BRDA:154,5,1,9
BRDA:156,6,0,12
BRDA:156,6,1,3
BRDA:166,7,0,3
BRDA:166,7,1,9
BRF:16
BRH:14
end_of_record
TN:
SF:screens\RegisterScreen.js
FN:14,RegisterScreen
FN:21,(anonymous_1)
FNF:2
FNH:2
FNDA:12,RegisterScreen
FNDA:2,(anonymous_1)
DA:15,12
DA:16,12
DA:17,12
DA:18,12
DA:19,12
DA:21,12
DA:22,2
DA:23,0
DA:24,0
DA:26,2
DA:27,0
DA:28,0
DA:30,2
DA:31,0
DA:32,0
DA:34,2
DA:35,0
DA:36,0
DA:38,2
DA:39,1
DA:40,1
DA:43,1
DA:44,1
DA:45,1
DA:46,1
DA:47,1
DA:48,1
DA:51,0
DA:53,1
DA:57,12
DA:117,1
LF:31
LH:22
BRDA:22,0,0,0
BRDA:22,0,1,2
BRDA:26,1,0,0
BRDA:26,1,1,2
BRDA:30,2,0,0
BRDA:30,2,1,2
BRDA:34,3,0,0
BRDA:34,3,1,2
BRDA:38,4,0,1
BRDA:38,4,1,1
BRDA:46,5,0,1
BRDA:46,5,1,0
BRDA:51,6,0,0
BRDA:51,6,1,0
BRDA:102,7,0,12
BRDA:102,7,1,1
BRDA:106,8,0,1
BRDA:106,8,1,11
BRF:18
BRH:11
end_of_record
TN:
SF:services\authService.js
FN:15,(anonymous_0)
FN:22,(anonymous_1)
FN:28,(anonymous_2)
FN:43,(anonymous_3)
FN:70,(anonymous_4)
FN:87,(anonymous_5)
FN:97,(anonymous_6)
FN:108,(anonymous_7)
FN:117,(anonymous_8)
FNF:9
FNH:0
FNDA:0,(anonymous_0)
FNDA:0,(anonymous_1)
FNDA:0,(anonymous_2)
FNDA:0,(anonymous_3)
FNDA:0,(anonymous_4)
FNDA:0,(anonymous_5)
FNDA:0,(anonymous_6)
FNDA:0,(anonymous_7)
FNDA:0,(anonymous_8)
DA:5,0
DA:8,0
DA:14,0
DA:16,0
DA:17,0
DA:18,0
DA:20,0
DA:23,0
DA:28,0
DA:29,0
DA:30,0
DA:36,0
DA:38,0
DA:43,0
DA:44,0
DA:45,0
DA:50,0
DA:51,0
DA:52,0
DA:56,0
DA:62,0
DA:70,0
DA:71,0
DA:72,0
DA:74,0
DA:79,0
DA:87,0
DA:88,0
DA:89,0
DA:90,0
DA:92,0
DA:97,0
DA:98,0
DA:99,0
DA:100,0
DA:101,0
DA:103,0
DA:108,0
DA:109,0
DA:110,0
DA:112,0
DA:117,0
DA:118,0
DA:119,0
DA:120,0
DA:122,0
LF:46
LH:0
BRDA:17,0,0,0
BRDA:17,0,1,0
BRDA:38,1,0,0
BRDA:38,1,1,0
BRDA:50,2,0,0
BRDA:50,2,1,0
BRDA:64,3,0,0
BRDA:64,3,1,0
BRDA:76,4,0,0
BRDA:76,4,1,0
BRDA:81,5,0,0
BRDA:81,5,1,0
BRDA:92,6,0,0
BRDA:92,6,1,0
BRDA:120,7,0,0
BRDA:120,7,1,0
BRF:16
BRH:0
end_of_record
